[ 2016-06-25T00:08:24+08:00 ] ::1 /bool_cms/Public/Uploads/20160624/576d29273d153.png
INFO: [ app_init ] --START--
INFO: Run Behavior\BuildLiteBehavior [ RunTime:0.000000s ]
INFO: [ app_init ] --END-- [ RunTime:0.003000s ]

[ 2016-06-25T08:26:09+08:00 ] ::1 /bool_cms/Public/Uploads/20160624/576d29273d153.png
INFO: [ app_init ] --START--
INFO: Run Behavior\BuildLiteBehavior [ RunTime:0.000000s ]
INFO: [ app_init ] --END-- [ RunTime:0.001000s ]

[ 2016-06-25T08:26:49+08:00 ] ::1 /bool_cms/Public/Uploads/20160624/576d29273d153.png
INFO: [ app_init ] --START--
INFO: Run Behavior\BuildLiteBehavior [ RunTime:0.000000s ]
INFO: [ app_init ] --END-- [ RunTime:0.001000s ]

[ 2016-06-25T08:27:46+08:00 ] ::1 /bool_cms/Public/Uploads/20160624/576d29273d153.png
INFO: [ app_init ] --START--
INFO: Run Behavior\BuildLiteBehavior [ RunTime:0.000000s ]
INFO: [ app_init ] --END-- [ RunTime:0.001000s ]

[ 2016-06-25T08:36:10+08:00 ] ::1 /bool_cms/Public/Uploads/20160624/576d29273d153.png
INFO: [ app_init ] --START--
INFO: Run Behavior\BuildLiteBehavior [ RunTime:0.000000s ]
INFO: [ app_init ] --END-- [ RunTime:0.001000s ]

[ 2016-06-25T08:36:41+08:00 ] ::1 /bool_cms/Public/Uploads/20160624/576d29273d153.png
INFO: [ app_init ] --START--
INFO: Run Behavior\BuildLiteBehavior [ RunTime:0.000000s ]
INFO: [ app_init ] --END-- [ RunTime:0.001001s ]

[ 2016-06-25T08:37:19+08:00 ] ::1 /bool_cms/Public/Uploads/20160624/576d29273d153.png
INFO: [ app_init ] --START--
INFO: Run Behavior\BuildLiteBehavior [ RunTime:0.000000s ]
INFO: [ app_init ] --END-- [ RunTime:0.001000s ]

[ 2016-06-25T08:37:19+08:00 ] ::1 /bool_cms/Public/Uploads/20160624/576d29273d153.png
INFO: [ app_init ] --START--
INFO: Run Behavior\BuildLiteBehavior [ RunTime:0.000000s ]
INFO: [ app_init ] --END-- [ RunTime:0.009001s ]

[ 2016-06-25T08:45:02+08:00 ] ::1 /bool_cms/Public/Uploads/20160624/576d29273d153.png
INFO: [ app_init ] --START--
INFO: Run Behavior\BuildLiteBehavior [ RunTime:0.000000s ]
INFO: [ app_init ] --END-- [ RunTime:0.001000s ]

[ 2016-06-25T08:45:27+08:00 ] ::1 /bool_cms/Public/Uploads/20160624/576d29273d153.png
INFO: [ app_init ] --START--
INFO: Run Behavior\BuildLiteBehavior [ RunTime:0.000000s ]
INFO: [ app_init ] --END-- [ RunTime:0.002000s ]

[ 2016-06-25T08:45:34+08:00 ] ::1 /bool_cms/Public/Uploads/20160624/576d29273d153.png
INFO: [ app_init ] --START--
INFO: Run Behavior\BuildLiteBehavior [ RunTime:0.000000s ]
INFO: [ app_init ] --END-- [ RunTime:0.001000s ]

[ 2016-06-25T08:53:28+08:00 ] ::1 /bool_cms/Public/Uploads/20160624/576d29273d153.png
INFO: [ app_init ] --START--
INFO: Run Behavior\BuildLiteBehavior [ RunTime:0.000000s ]
INFO: [ app_init ] --END-- [ RunTime:0.001000s ]

[ 2016-06-25T08:53:33+08:00 ] ::1 /bool_cms/Public/Uploads/20160624/576d29273d153.png
INFO: [ app_init ] --START--
INFO: Run Behavior\BuildLiteBehavior [ RunTime:0.000000s ]
INFO: [ app_init ] --END-- [ RunTime:0.001000s ]

[ 2016-06-25T08:53:45+08:00 ] ::1 /bool_cms/Public/Uploads/20160624/576d29273d153.png
INFO: [ app_init ] --START--
INFO: Run Behavior\BuildLiteBehavior [ RunTime:0.000000s ]
INFO: [ app_init ] --END-- [ RunTime:0.001000s ]

[ 2016-06-25T08:57:07+08:00 ] ::1 /bool_cms/Public/Uploads/20160625/576dd41dea117.jpg
INFO: [ app_init ] --START--
INFO: Run Behavior\BuildLiteBehavior [ RunTime:0.000000s ]
INFO: [ app_init ] --END-- [ RunTime:0.001000s ]

[ 2016-06-25T08:57:07+08:00 ] ::1 /bool_cms/Public/Uploads/20160625/576d5a3ff074a.jpg
INFO: [ app_init ] --START--
INFO: Run Behavior\BuildLiteBehavior [ RunTime:0.000000s ]
INFO: [ app_init ] --END-- [ RunTime:0.001000s ]

[ 2016-06-25T08:57:39+08:00 ] ::1 /bool_cms/Public/Uploads/20160625/576d5a3ff074a.jpg
INFO: [ app_init ] --START--
INFO: Run Behavior\BuildLiteBehavior [ RunTime:0.000000s ]
INFO: [ app_init ] --END-- [ RunTime:0.001000s ]

[ 2016-06-25T08:57:39+08:00 ] ::1 /bool_cms/Public/Uploads/20160625/576dd41dea117.jpg
INFO: [ app_init ] --START--
INFO: Run Behavior\BuildLiteBehavior [ RunTime:0.001000s ]
INFO: [ app_init ] --END-- [ RunTime:0.001000s ]

[ 2016-06-25T08:59:46+08:00 ] ::1 /bool_cms/Public/Uploads/20160625/576d5a3ff074a.jpg
INFO: [ app_init ] --START--
INFO: Run Behavior\BuildLiteBehavior [ RunTime:0.000000s ]
INFO: [ app_init ] --END-- [ RunTime:0.002000s ]

[ 2016-06-25T08:59:46+08:00 ] ::1 /bool_cms/Public/Uploads/20160625/576dd41dea117.jpg
INFO: [ app_init ] --START--
INFO: Run Behavior\BuildLiteBehavior [ RunTime:0.000000s ]
INFO: [ app_init ] --END-- [ RunTime:0.002000s ]

[ 2016-06-25T09:00:21+08:00 ] ::1 /bool_cms/Public/Uploads/20160625/576dd41dea117.jpg
INFO: [ app_init ] --START--
INFO: Run Behavior\BuildLiteBehavior [ RunTime:0.000000s ]
INFO: [ app_init ] --END-- [ RunTime:0.001000s ]

[ 2016-06-25T09:00:21+08:00 ] ::1 /bool_cms/Public/Uploads/20160625/576d5a3ff074a.jpg
INFO: [ app_init ] --START--
INFO: Run Behavior\BuildLiteBehavior [ RunTime:0.000000s ]
INFO: [ app_init ] --END-- [ RunTime:0.021001s ]

[ 2016-06-25T09:00:40+08:00 ] ::1 /bool_cms/Public/Uploads/20160624/576d29273d153.png
INFO: [ app_init ] --START--
INFO: Run Behavior\BuildLiteBehavior [ RunTime:0.000000s ]
INFO: [ app_init ] --END-- [ RunTime:0.001000s ]

[ 2016-06-25T09:02:32+08:00 ] ::1 /bool_cms/Public/Uploads/20160624/576d29273d153.png
INFO: [ app_init ] --START--
INFO: Run Behavior\BuildLiteBehavior [ RunTime:0.000000s ]
INFO: [ app_init ] --END-- [ RunTime:0.001000s ]

[ 2016-06-25T09:02:35+08:00 ] ::1 /bool_cms/Public/Uploads/20160625/576d5a3ff074a.jpg
INFO: [ app_init ] --START--
INFO: Run Behavior\BuildLiteBehavior [ RunTime:0.000000s ]
INFO: [ app_init ] --END-- [ RunTime:0.001000s ]

[ 2016-06-25T09:02:35+08:00 ] ::1 /bool_cms/Public/Uploads/20160625/576dd41dea117.jpg
INFO: [ app_init ] --START--
INFO: Run Behavior\BuildLiteBehavior [ RunTime:0.000000s ]
INFO: [ app_init ] --END-- [ RunTime:0.001000s ]

[ 2016-06-25T09:04:57+08:00 ] ::1 /bool_cms/Public/Uploads/20160625/576dd41dea117.jpg
INFO: [ app_init ] --START--
INFO: Run Behavior\BuildLiteBehavior [ RunTime:0.000000s ]
INFO: [ app_init ] --END-- [ RunTime:0.001000s ]

[ 2016-06-25T09:04:57+08:00 ] ::1 /bool_cms/Public/Uploads/20160625/576d5a3ff074a.jpg
INFO: [ app_init ] --START--
INFO: Run Behavior\BuildLiteBehavior [ RunTime:0.000000s ]
INFO: [ app_init ] --END-- [ RunTime:0.032002s ]

[ 2016-06-25T09:06:43+08:00 ] ::1 /bool_cms/Public/Uploads/20160624/576d29273d153.png
INFO: [ app_init ] --START--
INFO: Run Behavior\BuildLiteBehavior [ RunTime:0.000000s ]
INFO: [ app_init ] --END-- [ RunTime:0.001000s ]

[ 2016-06-25T12:52:31+08:00 ] ::1 /bool_cms/Public/Uploads/20160624/576d29273d153.png
INFO: [ app_init ] --START--
INFO: Run Behavior\BuildLiteBehavior [ RunTime:0.000000s ]
INFO: [ app_init ] --END-- [ RunTime:0.001000s ]

[ 2016-06-25T12:52:37+08:00 ] ::1 /bool_cms/Public/Uploads/20160624/576d29273d153.png
INFO: [ app_init ] --START--
INFO: Run Behavior\BuildLiteBehavior [ RunTime:0.000000s ]
INFO: [ app_init ] --END-- [ RunTime:0.001000s ]

[ 2016-06-25T14:41:24+08:00 ] ::1 /bool_cms/Public/Uploads/20160624/576d29273d153.png
INFO: [ app_init ] --START--
INFO: Run Behavior\BuildLiteBehavior [ RunTime:0.000000s ]
INFO: [ app_init ] --END-- [ RunTime:0.001000s ]

[ 2016-06-25T14:53:03+08:00 ] ::1 /bool_cms/Public/Uploads/20160624/576d29273d153.png
INFO: [ app_init ] --START--
INFO: Run Behavior\BuildLiteBehavior [ RunTime:0.000000s ]
INFO: [ app_init ] --END-- [ RunTime:0.000000s ]

[ 2016-06-25T14:55:02+08:00 ] ::1 /bool_cms/Public/Uploads/20160624/576d29273d153.png
INFO: [ app_init ] --START--
INFO: Run Behavior\BuildLiteBehavior [ RunTime:0.000000s ]
INFO: [ app_init ] --END-- [ RunTime:0.002000s ]

[ 2016-06-25T15:36:27+08:00 ] ::1 /bool_cms/Public/Uploads/20160624/576d29273d153.png
INFO: [ app_init ] --START--
INFO: Run Behavior\BuildLiteBehavior [ RunTime:0.000000s ]
INFO: [ app_init ] --END-- [ RunTime:0.001000s ]

[ 2016-06-25T15:36:30+08:00 ] ::1 /bool_cms/Public/Uploads/20160624/576d29273d153.png
INFO: [ app_init ] --START--
INFO: Run Behavior\BuildLiteBehavior [ RunTime:0.000000s ]
INFO: [ app_init ] --END-- [ RunTime:0.001000s ]

[ 2016-06-25T18:19:00+08:00 ] ::1 /bool_cms/Public/Uploads/20160624/576d29273d153.png
INFO: [ app_init ] --START--
INFO: Run Behavior\BuildLiteBehavior [ RunTime:0.000000s ]
INFO: [ app_init ] --END-- [ RunTime:0.001000s ]

[ 2016-06-25T18:19:09+08:00 ] ::1 /bool_cms/Public/Uploads/20160624/576d29273d153.png
INFO: [ app_init ] --START--
INFO: Run Behavior\BuildLiteBehavior [ RunTime:0.000000s ]
INFO: [ app_init ] --END-- [ RunTime:0.002000s ]

[ 2016-06-25T18:19:40+08:00 ] ::1 /bool_cms/Public/Uploads/20160624/576d29273d153.png
INFO: [ app_init ] --START--
INFO: Run Behavior\BuildLiteBehavior [ RunTime:0.000000s ]
INFO: [ app_init ] --END-- [ RunTime:0.001000s ]

[ 2016-06-25T18:19:46+08:00 ] ::1 /bool_cms/Public/Uploads/20160624/576d29273d153.png
INFO: [ app_init ] --START--
INFO: Run Behavior\BuildLiteBehavior [ RunTime:0.000000s ]
INFO: [ app_init ] --END-- [ RunTime:0.001000s ]

[ 2016-06-25T18:19:52+08:00 ] ::1 /bool_cms/Public/Uploads/20160624/576d29273d153.png
INFO: [ app_init ] --START--
INFO: Run Behavior\BuildLiteBehavior [ RunTime:0.000000s ]
INFO: [ app_init ] --END-- [ RunTime:0.003000s ]

[ 2016-06-25T18:19:59+08:00 ] ::1 /bool_cms/Public/Uploads/20160624/576d29273d153.png
INFO: [ app_init ] --START--
INFO: Run Behavior\BuildLiteBehavior [ RunTime:0.000000s ]
INFO: [ app_init ] --END-- [ RunTime:0.001000s ]

[ 2016-06-25T18:20:06+08:00 ] ::1 /bool_cms/Public/Uploads/20160624/576d29273d153.png
INFO: [ app_init ] --START--
INFO: Run Behavior\BuildLiteBehavior [ RunTime:0.000000s ]
INFO: [ app_init ] --END-- [ RunTime:0.009000s ]

[ 2016-06-25T18:23:03+08:00 ] ::1 /bool_cms/Public/Uploads/20160624/576d29273d153.png
INFO: [ app_init ] --START--
INFO: Run Behavior\BuildLiteBehavior [ RunTime:0.000000s ]
INFO: [ app_init ] --END-- [ RunTime:0.001000s ]

[ 2016-06-25T18:23:12+08:00 ] ::1 /bool_cms/Public/Uploads/20160624/576d29273d153.png
INFO: [ app_init ] --START--
INFO: Run Behavior\BuildLiteBehavior [ RunTime:0.000000s ]
INFO: [ app_init ] --END-- [ RunTime:0.001000s ]

[ 2016-06-25T18:25:40+08:00 ] ::1 /bool_cms/Public/Uploads/20160624/576d29273d153.png
INFO: [ app_init ] --START--
INFO: Run Behavior\BuildLiteBehavior [ RunTime:0.000000s ]
INFO: [ app_init ] --END-- [ RunTime:0.001000s ]

[ 2016-06-25T18:27:06+08:00 ] ::1 /bool_cms/Public/Uploads/20160624/576d29273d153.png
INFO: [ app_init ] --START--
INFO: Run Behavior\BuildLiteBehavior [ RunTime:0.000000s ]
INFO: [ app_init ] --END-- [ RunTime:0.001000s ]

[ 2016-06-25T18:27:12+08:00 ] ::1 /bool_cms/Public/Uploads/20160624/576d29273d153.png
INFO: [ app_init ] --START--
INFO: Run Behavior\BuildLiteBehavior [ RunTime:0.000000s ]
INFO: [ app_init ] --END-- [ RunTime:0.001000s ]

[ 2016-06-25T18:46:43+08:00 ] ::1 /bool_cms/Public/Uploads/20160624/576d29273d153.png
INFO: [ app_init ] --START--
INFO: Run Behavior\BuildLiteBehavior [ RunTime:0.001000s ]
INFO: [ app_init ] --END-- [ RunTime:0.001000s ]

[ 2016-06-25T19:12:01+08:00 ] ::1 /bool_cms/Public/Uploads/20160624/576d29273d153.png
INFO: [ app_init ] --START--
INFO: Run Behavior\BuildLiteBehavior [ RunTime:0.000000s ]
INFO: [ app_init ] --END-- [ RunTime:0.000000s ]

[ 2016-06-25T20:43:00+08:00 ] ::1 /bool_cms/Public/Uploads/20160624/576d29273d153.png
INFO: [ app_init ] --START--
INFO: Run Behavior\BuildLiteBehavior [ RunTime:0.000000s ]
INFO: [ app_init ] --END-- [ RunTime:0.001000s ]

[ 2016-06-25T20:43:07+08:00 ] ::1 /bool_cms/Public/Uploads/20160624/576d29273d153.png
INFO: [ app_init ] --START--
INFO: Run Behavior\BuildLiteBehavior [ RunTime:0.000000s ]
INFO: [ app_init ] --END-- [ RunTime:0.001000s ]

[ 2016-06-25T21:13:12+08:00 ] ::1 /bool_cms/Public/Uploads/20160624/576d29273d153.png
INFO: [ app_init ] --START--
INFO: Run Behavior\BuildLiteBehavior [ RunTime:0.001000s ]
INFO: [ app_init ] --END-- [ RunTime:0.001000s ]

[ 2016-06-25T21:13:22+08:00 ] ::1 /bool_cms/Public/Uploads/20160624/576d29273d153.png
INFO: [ app_init ] --START--
INFO: Run Behavior\BuildLiteBehavior [ RunTime:0.000000s ]
INFO: [ app_init ] --END-- [ RunTime:0.001000s ]

[ 2016-06-25T21:55:47+08:00 ] ::1 /bool_cms/Public/Uploads/20160624/576d29273d153.png
INFO: [ app_init ] --START--
INFO: Run Behavior\BuildLiteBehavior [ RunTime:0.001000s ]
INFO: [ app_init ] --END-- [ RunTime:0.002000s ]

