[ 2016-06-29T11:27:42+08:00 ] ::1 /bool_cms/admin.php/Menu/AjaxMenu?type=main
INFO: [ app_begin ] --START--
INFO: Run Behavior\ReadHtmlCacheBehavior [ RunTime:0.001000s ]
INFO: [ app_begin ] --END-- [ RunTime:0.005001s ]
NOTIC: [2048] Declaration of Admin\Model\MenuModel::_after_delete() should be compatible with Think\Model::_after_delete($data, $options) C:\wamp\www\bool_cms\Apps\Admin\Model\MenuModel.class.php 第 5 行.
SQL: SHOW COLUMNS FROM `bool_menu` [ RunTime:0.0090s ]
SQL: SELECT * FROM `bool_menu` WHERE `type` = 'main' ORDER BY sort asc  [ RunTime:0.0030s ]

[ 2016-06-29T11:27:57+08:00 ] ::1 /bool_cms/admin.php/Menu/AjaxMenu?type=main
INFO: [ app_begin ] --START--
INFO: Run Behavior\ReadHtmlCacheBehavior [ RunTime:0.005000s ]
INFO: [ app_begin ] --END-- [ RunTime:0.005000s ]
NOTIC: [2048] Declaration of Admin\Model\MenuModel::_after_delete() should be compatible with Think\Model::_after_delete($data, $options) C:\wamp\www\bool_cms\Apps\Admin\Model\MenuModel.class.php 第 5 行.
SQL: SHOW COLUMNS FROM `bool_menu` [ RunTime:0.0070s ]
SQL: SELECT * FROM `bool_menu` WHERE `type` = 'main' ORDER BY sort asc  [ RunTime:0.0010s ]

[ 2016-06-29T11:28:07+08:00 ] ::1 /bool_cms/admin.php/Menu/AjaxMenu?type=main
INFO: [ app_begin ] --START--
INFO: Run Behavior\ReadHtmlCacheBehavior [ RunTime:0.001000s ]
INFO: [ app_begin ] --END-- [ RunTime:0.002000s ]
NOTIC: [2048] Declaration of Admin\Model\MenuModel::_after_delete() should be compatible with Think\Model::_after_delete($data, $options) C:\wamp\www\bool_cms\Apps\Admin\Model\MenuModel.class.php 第 5 行.
SQL: SHOW COLUMNS FROM `bool_menu` [ RunTime:0.0070s ]
SQL: SELECT * FROM `bool_menu` WHERE `type` = 'main' ORDER BY sort asc  [ RunTime:0.0010s ]

[ 2016-06-29T11:28:12+08:00 ] ::1 /bool_cms/admin.php/Menu/AjaxMenu?type=main
INFO: [ app_begin ] --START--
INFO: Run Behavior\ReadHtmlCacheBehavior [ RunTime:0.001000s ]
INFO: [ app_begin ] --END-- [ RunTime:0.002000s ]
NOTIC: [2048] Declaration of Admin\Model\MenuModel::_after_delete() should be compatible with Think\Model::_after_delete($data, $options) C:\wamp\www\bool_cms\Apps\Admin\Model\MenuModel.class.php 第 5 行.
SQL: SHOW COLUMNS FROM `bool_menu` [ RunTime:0.0100s ]
SQL: SELECT * FROM `bool_menu` WHERE `type` = 'main' ORDER BY sort asc  [ RunTime:0.0010s ]

[ 2016-06-29T11:28:57+08:00 ] ::1 /bool_cms/admin.php/Menu/AjaxMenu?type=main
INFO: [ app_begin ] --START--
INFO: Run Behavior\ReadHtmlCacheBehavior [ RunTime:0.002000s ]
INFO: [ app_begin ] --END-- [ RunTime:0.003000s ]
NOTIC: [2048] Declaration of Admin\Model\MenuModel::_after_delete() should be compatible with Think\Model::_after_delete($data, $options) C:\wamp\www\bool_cms\Apps\Admin\Model\MenuModel.class.php 第 5 行.
SQL: SHOW COLUMNS FROM `bool_menu` [ RunTime:0.0060s ]
SQL: SELECT * FROM `bool_menu` WHERE `type` = 'main' ORDER BY sort asc  [ RunTime:0.0010s ]

[ 2016-06-29T13:04:52+08:00 ] ::1 /bool_cms/admin.php/Config/
ERR: 非法操作:Config

[ 2016-06-29T13:06:18+08:00 ] ::1 /bool_cms/admin.php/Config/
ERR: 非法操作:Config

[ 2016-06-29T13:06:20+08:00 ] ::1 /bool_cms/admin.php/Config/
ERR: 非法操作:Config

[ 2016-06-29T13:06:21+08:00 ] ::1 /bool_cms/admin.php/Config/
ERR: 非法操作:Config

[ 2016-06-29T13:06:24+08:00 ] ::1 /bool_cms/admin.php/Back/recovery.html
ERR: 非法操作:Back

[ 2016-06-29T13:30:08+08:00 ] ::1 /bool_cms/admin.php/Menu/AjaxMenu?type=main
INFO: [ app_begin ] --START--
INFO: Run Behavior\ReadHtmlCacheBehavior [ RunTime:0.001000s ]
INFO: [ app_begin ] --END-- [ RunTime:0.002000s ]
NOTIC: [2048] Declaration of Admin\Model\MenuModel::_after_delete() should be compatible with Think\Model::_after_delete($data, $options) C:\wamp\www\bool_cms\Apps\Admin\Model\MenuModel.class.php 第 5 行.
SQL: SHOW COLUMNS FROM `bool_menu` [ RunTime:0.0080s ]
SQL: SELECT * FROM `bool_menu` WHERE `type` = 'main' ORDER BY sort asc  [ RunTime:0.0010s ]

[ 2016-06-29T13:30:28+08:00 ] ::1 /bool_cms/admin.php/Menu/AjaxMenu?type=main
INFO: [ app_begin ] --START--
INFO: Run Behavior\ReadHtmlCacheBehavior [ RunTime:0.003000s ]
INFO: [ app_begin ] --END-- [ RunTime:0.004000s ]
NOTIC: [2048] Declaration of Admin\Model\MenuModel::_after_delete() should be compatible with Think\Model::_after_delete($data, $options) C:\wamp\www\bool_cms\Apps\Admin\Model\MenuModel.class.php 第 5 行.
SQL: SHOW COLUMNS FROM `bool_menu` [ RunTime:0.0060s ]
SQL: SELECT * FROM `bool_menu` WHERE `type` = 'main' ORDER BY sort asc  [ RunTime:0.0010s ]

[ 2016-06-29T13:32:48+08:00 ] ::1 /bool_cms/admin.php/Menu/AjaxMenu?type=main
INFO: [ app_begin ] --START--
INFO: Run Behavior\ReadHtmlCacheBehavior [ RunTime:0.003000s ]
INFO: [ app_begin ] --END-- [ RunTime:0.004000s ]
NOTIC: [2048] Declaration of Admin\Model\MenuModel::_after_delete() should be compatible with Think\Model::_after_delete($data, $options) C:\wamp\www\bool_cms\Apps\Admin\Model\MenuModel.class.php 第 5 行.
SQL: SHOW COLUMNS FROM `bool_menu` [ RunTime:0.0080s ]
SQL: SELECT * FROM `bool_menu` WHERE `type` = 'main' ORDER BY sort asc  [ RunTime:0.0010s ]

[ 2016-06-29T14:03:36+08:00 ] ::1 /bool_cms/admin.php/Menu/AjaxMenu?type=main
INFO: [ app_begin ] --START--
INFO: Run Behavior\ReadHtmlCacheBehavior [ RunTime:0.004000s ]
INFO: [ app_begin ] --END-- [ RunTime:0.005000s ]
NOTIC: [2048] Declaration of Admin\Model\MenuModel::_after_delete() should be compatible with Think\Model::_after_delete($data, $options) C:\wamp\www\bool_cms\Apps\Admin\Model\MenuModel.class.php 第 5 行.
SQL: SHOW COLUMNS FROM `bool_menu` [ RunTime:0.0070s ]
SQL: SELECT * FROM `bool_menu` WHERE `type` = 'main' ORDER BY sort asc  [ RunTime:0.0010s ]

[ 2016-06-29T14:07:41+08:00 ] ::1 /bool_cms/admin.php/Menu/AjaxMenu?type=main
INFO: [ app_begin ] --START--
INFO: Run Behavior\ReadHtmlCacheBehavior [ RunTime:0.005001s ]
INFO: [ app_begin ] --END-- [ RunTime:0.006001s ]
NOTIC: [2048] Declaration of Admin\Model\MenuModel::_after_delete() should be compatible with Think\Model::_after_delete($data, $options) C:\wamp\www\bool_cms\Apps\Admin\Model\MenuModel.class.php 第 5 行.
SQL: SHOW COLUMNS FROM `bool_menu` [ RunTime:0.0070s ]
SQL: SELECT * FROM `bool_menu` WHERE `type` = 'main' ORDER BY sort asc  [ RunTime:0.0010s ]

[ 2016-06-29T14:07:53+08:00 ] ::1 /bool_cms/admin.php/Menu/AjaxMenu?type=main
INFO: [ app_begin ] --START--
INFO: Run Behavior\ReadHtmlCacheBehavior [ RunTime:0.005001s ]
INFO: [ app_begin ] --END-- [ RunTime:0.007001s ]
NOTIC: [2048] Declaration of Admin\Model\MenuModel::_after_delete() should be compatible with Think\Model::_after_delete($data, $options) C:\wamp\www\bool_cms\Apps\Admin\Model\MenuModel.class.php 第 5 行.
SQL: SHOW COLUMNS FROM `bool_menu` [ RunTime:0.0100s ]
SQL: SELECT * FROM `bool_menu` WHERE `type` = 'main' ORDER BY sort asc  [ RunTime:0.0010s ]

[ 2016-06-29T14:08:11+08:00 ] ::1 /bool_cms/admin.php/Menu/AjaxMenu?type=main
INFO: [ app_begin ] --START--
INFO: Run Behavior\ReadHtmlCacheBehavior [ RunTime:0.003000s ]
INFO: [ app_begin ] --END-- [ RunTime:0.004000s ]
NOTIC: [2048] Declaration of Admin\Model\MenuModel::_after_delete() should be compatible with Think\Model::_after_delete($data, $options) C:\wamp\www\bool_cms\Apps\Admin\Model\MenuModel.class.php 第 5 行.
SQL: SHOW COLUMNS FROM `bool_menu` [ RunTime:0.0100s ]
SQL: SELECT * FROM `bool_menu` WHERE `type` = 'main' ORDER BY sort asc  [ RunTime:0.0010s ]

[ 2016-06-29T14:08:28+08:00 ] ::1 /bool_cms/admin.php/Menu/AjaxMenu?type=main
INFO: [ app_begin ] --START--
INFO: Run Behavior\ReadHtmlCacheBehavior [ RunTime:0.002000s ]
INFO: [ app_begin ] --END-- [ RunTime:0.003000s ]
NOTIC: [2048] Declaration of Admin\Model\MenuModel::_after_delete() should be compatible with Think\Model::_after_delete($data, $options) C:\wamp\www\bool_cms\Apps\Admin\Model\MenuModel.class.php 第 5 行.
SQL: SHOW COLUMNS FROM `bool_menu` [ RunTime:0.0080s ]
SQL: SELECT * FROM `bool_menu` WHERE `type` = 'main' ORDER BY sort asc  [ RunTime:0.0010s ]

[ 2016-06-29T14:09:31+08:00 ] ::1 /bool_cms/admin.php/Menu/AjaxMenu?type=main
INFO: [ app_begin ] --START--
INFO: Run Behavior\ReadHtmlCacheBehavior [ RunTime:0.003000s ]
INFO: [ app_begin ] --END-- [ RunTime:0.004001s ]
NOTIC: [2048] Declaration of Admin\Model\MenuModel::_after_delete() should be compatible with Think\Model::_after_delete($data, $options) C:\wamp\www\bool_cms\Apps\Admin\Model\MenuModel.class.php 第 5 行.
SQL: SHOW COLUMNS FROM `bool_menu` [ RunTime:0.0080s ]
SQL: SELECT * FROM `bool_menu` WHERE `type` = 'main' ORDER BY sort asc  [ RunTime:0.0010s ]

[ 2016-06-29T14:10:58+08:00 ] ::1 /bool_cms/admin.php/Menu/AjaxMenu?type=main
INFO: [ app_begin ] --START--
INFO: Run Behavior\ReadHtmlCacheBehavior [ RunTime:0.002000s ]
INFO: [ app_begin ] --END-- [ RunTime:0.003000s ]
NOTIC: [2048] Declaration of Admin\Model\MenuModel::_after_delete() should be compatible with Think\Model::_after_delete($data, $options) C:\wamp\www\bool_cms\Apps\Admin\Model\MenuModel.class.php 第 5 行.
SQL: SHOW COLUMNS FROM `bool_menu` [ RunTime:0.0060s ]
SQL: SELECT * FROM `bool_menu` WHERE `type` = 'main' ORDER BY sort asc  [ RunTime:0.0010s ]

[ 2016-06-29T14:12:37+08:00 ] ::1 /bool_cms/admin.php/Menu/AjaxMenu?type=main
INFO: [ app_begin ] --START--
INFO: Run Behavior\ReadHtmlCacheBehavior [ RunTime:0.007000s ]
INFO: [ app_begin ] --END-- [ RunTime:0.008000s ]
NOTIC: [2048] Declaration of Admin\Model\MenuModel::_after_delete() should be compatible with Think\Model::_after_delete($data, $options) C:\wamp\www\bool_cms\Apps\Admin\Model\MenuModel.class.php 第 5 行.
SQL: SHOW COLUMNS FROM `bool_menu` [ RunTime:0.0110s ]
SQL: SELECT * FROM `bool_menu` WHERE `type` = 'main' ORDER BY sort asc  [ RunTime:0.0010s ]

[ 2016-06-29T14:13:42+08:00 ] ::1 /bool_cms/admin.php/Menu/AjaxMenu?type=main
INFO: [ app_begin ] --START--
INFO: Run Behavior\ReadHtmlCacheBehavior [ RunTime:0.003000s ]
INFO: [ app_begin ] --END-- [ RunTime:0.005000s ]
NOTIC: [2048] Declaration of Admin\Model\MenuModel::_after_delete() should be compatible with Think\Model::_after_delete($data, $options) C:\wamp\www\bool_cms\Apps\Admin\Model\MenuModel.class.php 第 5 行.
SQL: SHOW COLUMNS FROM `bool_menu` [ RunTime:0.0070s ]
SQL: SELECT * FROM `bool_menu` WHERE `type` = 'main' ORDER BY sort asc  [ RunTime:0.0010s ]

[ 2016-06-29T14:15:07+08:00 ] ::1 /bool_cms/admin.php/Menu/AjaxMenu?type=main
INFO: [ app_begin ] --START--
INFO: Run Behavior\ReadHtmlCacheBehavior [ RunTime:0.002000s ]
INFO: [ app_begin ] --END-- [ RunTime:0.003000s ]
NOTIC: [2048] Declaration of Admin\Model\MenuModel::_after_delete() should be compatible with Think\Model::_after_delete($data, $options) C:\wamp\www\bool_cms\Apps\Admin\Model\MenuModel.class.php 第 5 行.
SQL: SHOW COLUMNS FROM `bool_menu` [ RunTime:0.0090s ]
SQL: SELECT * FROM `bool_menu` WHERE `type` = 'main' ORDER BY sort asc  [ RunTime:0.0030s ]

[ 2016-06-29T14:17:45+08:00 ] ::1 /bool_cms/admin.php/Menu/AjaxMenu?type=main
INFO: [ app_begin ] --START--
INFO: Run Behavior\ReadHtmlCacheBehavior [ RunTime:0.003000s ]
INFO: [ app_begin ] --END-- [ RunTime:0.003000s ]
NOTIC: [2048] Declaration of Admin\Model\MenuModel::_after_delete() should be compatible with Think\Model::_after_delete($data, $options) C:\wamp\www\bool_cms\Apps\Admin\Model\MenuModel.class.php 第 5 行.
SQL: SHOW COLUMNS FROM `bool_menu` [ RunTime:0.0070s ]
SQL: SELECT * FROM `bool_menu` WHERE `type` = 'main' ORDER BY sort asc  [ RunTime:0.0010s ]

[ 2016-06-29T14:18:30+08:00 ] ::1 /bool_cms/admin.php/Menu/AjaxMenu?type=main
INFO: [ app_begin ] --START--
INFO: Run Behavior\ReadHtmlCacheBehavior [ RunTime:0.004001s ]
INFO: [ app_begin ] --END-- [ RunTime:0.005001s ]
NOTIC: [2048] Declaration of Admin\Model\MenuModel::_after_delete() should be compatible with Think\Model::_after_delete($data, $options) C:\wamp\www\bool_cms\Apps\Admin\Model\MenuModel.class.php 第 5 行.
SQL: SHOW COLUMNS FROM `bool_menu` [ RunTime:0.0070s ]
SQL: SELECT * FROM `bool_menu` WHERE `type` = 'main' ORDER BY sort asc  [ RunTime:0.0010s ]

[ 2016-06-29T14:18:36+08:00 ] ::1 /bool_cms/admin.php/Menu/AjaxMenu?type=main
INFO: [ app_begin ] --START--
INFO: Run Behavior\ReadHtmlCacheBehavior [ RunTime:0.001000s ]
INFO: [ app_begin ] --END-- [ RunTime:0.002000s ]
NOTIC: [2048] Declaration of Admin\Model\MenuModel::_after_delete() should be compatible with Think\Model::_after_delete($data, $options) C:\wamp\www\bool_cms\Apps\Admin\Model\MenuModel.class.php 第 5 行.
SQL: SHOW COLUMNS FROM `bool_menu` [ RunTime:0.0070s ]
SQL: SELECT * FROM `bool_menu` WHERE `type` = 'main' ORDER BY sort asc  [ RunTime:0.0000s ]

[ 2016-06-29T14:22:08+08:00 ] ::1 /bool_cms/admin.php/Menu/AjaxMenu?type=main
INFO: [ app_begin ] --START--
INFO: Run Behavior\ReadHtmlCacheBehavior [ RunTime:0.002000s ]
INFO: [ app_begin ] --END-- [ RunTime:0.002000s ]
NOTIC: [2048] Declaration of Admin\Model\MenuModel::_after_delete() should be compatible with Think\Model::_after_delete($data, $options) C:\wamp\www\bool_cms\Apps\Admin\Model\MenuModel.class.php 第 5 行.
SQL: SHOW COLUMNS FROM `bool_menu` [ RunTime:0.0070s ]
SQL: SELECT * FROM `bool_menu` WHERE `type` = 'main' ORDER BY sort asc  [ RunTime:0.0000s ]

[ 2016-06-29T14:22:26+08:00 ] ::1 /bool_cms/admin.php/Menu/AjaxMenu?type=main
INFO: [ app_begin ] --START--
INFO: Run Behavior\ReadHtmlCacheBehavior [ RunTime:0.003000s ]
INFO: [ app_begin ] --END-- [ RunTime:0.003000s ]
NOTIC: [2048] Declaration of Admin\Model\MenuModel::_after_delete() should be compatible with Think\Model::_after_delete($data, $options) C:\wamp\www\bool_cms\Apps\Admin\Model\MenuModel.class.php 第 5 行.
SQL: SHOW COLUMNS FROM `bool_menu` [ RunTime:0.0130s ]
SQL: SELECT * FROM `bool_menu` WHERE `type` = 'main' ORDER BY sort asc  [ RunTime:0.0000s ]

[ 2016-06-29T14:29:30+08:00 ] ::1 /bool_cms/admin.php/Menu/AjaxMenu?type=main
INFO: [ app_begin ] --START--
INFO: Run Behavior\ReadHtmlCacheBehavior [ RunTime:0.002000s ]
INFO: [ app_begin ] --END-- [ RunTime:0.005000s ]
NOTIC: [2048] Declaration of Admin\Model\MenuModel::_after_delete() should be compatible with Think\Model::_after_delete($data, $options) C:\wamp\www\bool_cms\Apps\Admin\Model\MenuModel.class.php 第 5 行.
SQL: SHOW COLUMNS FROM `bool_menu` [ RunTime:0.0080s ]
SQL: SELECT * FROM `bool_menu` WHERE `type` = 'main' ORDER BY sort asc  [ RunTime:0.0000s ]

[ 2016-06-29T14:30:16+08:00 ] ::1 /bool_cms/admin.php/Menu/AjaxMenu?type=main
INFO: [ app_begin ] --START--
INFO: Run Behavior\ReadHtmlCacheBehavior [ RunTime:0.003001s ]
INFO: [ app_begin ] --END-- [ RunTime:0.005001s ]
NOTIC: [2048] Declaration of Admin\Model\MenuModel::_after_delete() should be compatible with Think\Model::_after_delete($data, $options) C:\wamp\www\bool_cms\Apps\Admin\Model\MenuModel.class.php 第 5 行.
SQL: SHOW COLUMNS FROM `bool_menu` [ RunTime:0.0080s ]
SQL: SELECT * FROM `bool_menu` WHERE `type` = 'main' ORDER BY sort asc  [ RunTime:0.0000s ]

[ 2016-06-29T14:30:40+08:00 ] ::1 /bool_cms/admin.php/Menu/AjaxMenu?type=main
INFO: [ app_begin ] --START--
INFO: Run Behavior\ReadHtmlCacheBehavior [ RunTime:0.007000s ]
INFO: [ app_begin ] --END-- [ RunTime:0.008000s ]
NOTIC: [2048] Declaration of Admin\Model\MenuModel::_after_delete() should be compatible with Think\Model::_after_delete($data, $options) C:\wamp\www\bool_cms\Apps\Admin\Model\MenuModel.class.php 第 5 行.
SQL: SHOW COLUMNS FROM `bool_menu` [ RunTime:0.0080s ]
SQL: SELECT * FROM `bool_menu` WHERE `type` = 'main' ORDER BY sort asc  [ RunTime:0.0010s ]

[ 2016-06-29T14:48:38+08:00 ] ::1 /bool_cms/admin.php/Menu/AjaxMenu?type=main
INFO: [ app_begin ] --START--
INFO: Run Behavior\ReadHtmlCacheBehavior [ RunTime:0.002001s ]
INFO: [ app_begin ] --END-- [ RunTime:0.003001s ]
NOTIC: [2048] Declaration of Admin\Model\MenuModel::_after_delete() should be compatible with Think\Model::_after_delete($data, $options) C:\wamp\www\bool_cms\Apps\Admin\Model\MenuModel.class.php 第 5 行.
SQL: SHOW COLUMNS FROM `bool_menu` [ RunTime:0.0070s ]
SQL: SELECT * FROM `bool_menu` WHERE `type` = 'main' ORDER BY sort asc  [ RunTime:0.0010s ]

[ 2016-06-29T14:48:45+08:00 ] ::1 /bool_cms/admin.php/Menu/AjaxMenu?type=main
INFO: [ app_begin ] --START--
INFO: Run Behavior\ReadHtmlCacheBehavior [ RunTime:0.002001s ]
INFO: [ app_begin ] --END-- [ RunTime:0.004001s ]
NOTIC: [2048] Declaration of Admin\Model\MenuModel::_after_delete() should be compatible with Think\Model::_after_delete($data, $options) C:\wamp\www\bool_cms\Apps\Admin\Model\MenuModel.class.php 第 5 行.
SQL: SHOW COLUMNS FROM `bool_menu` [ RunTime:0.0190s ]
SQL: SELECT * FROM `bool_menu` WHERE `type` = 'main' ORDER BY sort asc  [ RunTime:0.0020s ]

[ 2016-06-29T14:59:56+08:00 ] ::1 /bool_cms/admin.php/Menu/AjaxMenu?type=main
INFO: [ app_begin ] --START--
INFO: Run Behavior\ReadHtmlCacheBehavior [ RunTime:0.003000s ]
INFO: [ app_begin ] --END-- [ RunTime:0.004000s ]
NOTIC: [2048] Declaration of Admin\Model\MenuModel::_after_delete() should be compatible with Think\Model::_after_delete($data, $options) C:\wamp\www\bool_cms\Apps\Admin\Model\MenuModel.class.php 第 5 行.
SQL: SHOW COLUMNS FROM `bool_menu` [ RunTime:0.0070s ]
SQL: SELECT * FROM `bool_menu` WHERE `type` = 'main' ORDER BY sort asc  [ RunTime:0.0010s ]

[ 2016-06-29T15:00:07+08:00 ] ::1 /bool_cms/admin.php/Menu/AjaxMenu?type=main
INFO: [ app_begin ] --START--
INFO: Run Behavior\ReadHtmlCacheBehavior [ RunTime:0.003000s ]
INFO: [ app_begin ] --END-- [ RunTime:0.003000s ]
NOTIC: [2048] Declaration of Admin\Model\MenuModel::_after_delete() should be compatible with Think\Model::_after_delete($data, $options) C:\wamp\www\bool_cms\Apps\Admin\Model\MenuModel.class.php 第 5 行.
SQL: SHOW COLUMNS FROM `bool_menu` [ RunTime:0.0110s ]
SQL: SELECT * FROM `bool_menu` WHERE `type` = 'main' ORDER BY sort asc  [ RunTime:0.0010s ]

[ 2016-06-29T16:04:26+08:00 ] ::1 /bool_cms/admin.php/Menu/AjaxMenu?type=main
INFO: [ app_begin ] --START--
INFO: Run Behavior\ReadHtmlCacheBehavior [ RunTime:0.003000s ]
INFO: [ app_begin ] --END-- [ RunTime:0.004000s ]
NOTIC: [2048] Declaration of Admin\Model\MenuModel::_after_delete() should be compatible with Think\Model::_after_delete($data, $options) C:\wamp\www\bool_cms\Apps\Admin\Model\MenuModel.class.php 第 5 行.
SQL: SHOW COLUMNS FROM `bool_menu` [ RunTime:0.0080s ]
SQL: SELECT * FROM `bool_menu` WHERE `type` = 'main' ORDER BY sort asc  [ RunTime:0.0010s ]

[ 2016-06-29T16:07:00+08:00 ] ::1 /bool_cms/admin.php/Menu/AjaxMenu?type=main
INFO: [ app_begin ] --START--
INFO: Run Behavior\ReadHtmlCacheBehavior [ RunTime:0.004001s ]
INFO: [ app_begin ] --END-- [ RunTime:0.006001s ]
NOTIC: [2048] Declaration of Admin\Model\MenuModel::_after_delete() should be compatible with Think\Model::_after_delete($data, $options) C:\wamp\www\bool_cms\Apps\Admin\Model\MenuModel.class.php 第 5 行.
SQL: SHOW COLUMNS FROM `bool_menu` [ RunTime:0.0070s ]
SQL: SELECT * FROM `bool_menu` WHERE `type` = 'main' ORDER BY sort asc  [ RunTime:0.0020s ]

[ 2016-06-29T16:07:07+08:00 ] ::1 /bool_cms/admin.php/Menu/AjaxMenu?type=main
INFO: [ app_begin ] --START--
INFO: Run Behavior\ReadHtmlCacheBehavior [ RunTime:0.003001s ]
INFO: [ app_begin ] --END-- [ RunTime:0.005001s ]
NOTIC: [2048] Declaration of Admin\Model\MenuModel::_after_delete() should be compatible with Think\Model::_after_delete($data, $options) C:\wamp\www\bool_cms\Apps\Admin\Model\MenuModel.class.php 第 5 行.
SQL: SHOW COLUMNS FROM `bool_menu` [ RunTime:0.0080s ]
SQL: SELECT * FROM `bool_menu` WHERE `type` = 'main' ORDER BY sort asc  [ RunTime:0.0010s ]

[ 2016-06-29T16:07:28+08:00 ] ::1 /bool_cms/admin.php/Menu/AjaxMenu?type=main
INFO: [ app_begin ] --START--
INFO: Run Behavior\ReadHtmlCacheBehavior [ RunTime:0.003000s ]
INFO: [ app_begin ] --END-- [ RunTime:0.004000s ]
NOTIC: [2048] Declaration of Admin\Model\MenuModel::_after_delete() should be compatible with Think\Model::_after_delete($data, $options) C:\wamp\www\bool_cms\Apps\Admin\Model\MenuModel.class.php 第 5 行.
SQL: SHOW COLUMNS FROM `bool_menu` [ RunTime:0.0080s ]
SQL: SELECT * FROM `bool_menu` WHERE `type` = 'main' ORDER BY sort asc  [ RunTime:0.0060s ]

[ 2016-06-29T16:07:31+08:00 ] ::1 /bool_cms/admin.php/Menu/AjaxMenu?type=main
INFO: [ app_begin ] --START--
INFO: Run Behavior\ReadHtmlCacheBehavior [ RunTime:0.004000s ]
INFO: [ app_begin ] --END-- [ RunTime:0.006000s ]
NOTIC: [2048] Declaration of Admin\Model\MenuModel::_after_delete() should be compatible with Think\Model::_after_delete($data, $options) C:\wamp\www\bool_cms\Apps\Admin\Model\MenuModel.class.php 第 5 行.
SQL: SHOW COLUMNS FROM `bool_menu` [ RunTime:0.0100s ]
SQL: SELECT * FROM `bool_menu` WHERE `type` = 'main' ORDER BY sort asc  [ RunTime:0.0000s ]

[ 2016-06-29T16:07:47+08:00 ] ::1 /bool_cms/admin.php/Menu/AjaxMenu?type=main
INFO: [ app_begin ] --START--
INFO: Run Behavior\ReadHtmlCacheBehavior [ RunTime:0.002001s ]
INFO: [ app_begin ] --END-- [ RunTime:0.003001s ]
NOTIC: [2048] Declaration of Admin\Model\MenuModel::_after_delete() should be compatible with Think\Model::_after_delete($data, $options) C:\wamp\www\bool_cms\Apps\Admin\Model\MenuModel.class.php 第 5 行.
SQL: SHOW COLUMNS FROM `bool_menu` [ RunTime:0.0090s ]
SQL: SELECT * FROM `bool_menu` WHERE `type` = 'main' ORDER BY sort asc  [ RunTime:0.0010s ]

[ 2016-06-29T16:08:30+08:00 ] ::1 /bool_cms/admin.php/Menu/AjaxMenu?type=main
INFO: [ app_begin ] --START--
INFO: Run Behavior\ReadHtmlCacheBehavior [ RunTime:0.003000s ]
INFO: [ app_begin ] --END-- [ RunTime:0.003000s ]
NOTIC: [2048] Declaration of Admin\Model\MenuModel::_after_delete() should be compatible with Think\Model::_after_delete($data, $options) C:\wamp\www\bool_cms\Apps\Admin\Model\MenuModel.class.php 第 5 行.
SQL: SHOW COLUMNS FROM `bool_menu` [ RunTime:0.0080s ]
SQL: SELECT * FROM `bool_menu` WHERE `type` = 'main' ORDER BY sort asc  [ RunTime:0.0010s ]

